2025-03-13 15:02:51,825 - database - INFO - Database saved to users.json
2025-03-13 15:02:51,826 - database - INFO - Created new database with default admin user
2025-03-13 15:04:53,266 - database - INFO - Database loaded from users.json
2025-03-13 15:05:14,802 - database - INFO - User admin authenticated successfully
2025-03-13 15:09:22,293 - database - INFO - Database saved to users.json
2025-03-13 15:09:22,293 - database - INFO - Added new user adnan with role user
2025-03-13 15:09:36,589 - database - INFO - User adnan authenticated successfully
2025-03-26 14:29:16,114 - database - INFO - Database loaded from users.json
2025-03-26 14:29:23,140 - database - INFO - Database loaded from users.json
2025-03-26 14:39:12,507 - database - INFO - User admin authenticated successfully
2025-03-26 14:40:21,207 - database - INFO - Database saved to users.json
2025-03-26 14:40:21,208 - database - INFO - Added new user adnan1 with role user
2025-03-26 14:40:26,816 - database - INFO - User adnan1 authenticated successfully
2025-03-27 15:01:22,240 - database - INFO - Database loaded from users.json
2025-03-27 15:02:00,280 - database - INFO - Database loaded from users.json
2025-03-27 15:02:16,581 - database - INFO - Database loaded from users.json
2025-03-27 15:02:45,714 - database - WARNING - Failed authentication attempt for user admin
2025-03-27 15:02:50,578 - database - INFO - User admin authenticated successfully
2025-04-03 14:52:53,927 - database - INFO - Using database file: C:\Users\Adnan1\Desktop\fss\secure\user_credentials.db
2025-04-03 14:52:53,927 - database - INFO - Loaded existing encryption key from C:\Users\Adnan1\Desktop\fss\secure\encryption.key
2025-04-03 14:52:53,928 - database - INFO - Database initialized at C:\Users\Adnan1\Desktop\fss\secure\user_credentials.db
2025-04-03 14:53:05,033 - database - INFO - User adnan authenticated successfully
2025-04-03 14:54:43,258 - database - INFO - Using database file: C:\Users\Adnan1\Desktop\fss\secure\user_credentials.db
2025-04-03 14:54:43,258 - database - INFO - Loaded existing encryption key from C:\Users\Adnan1\Desktop\fss\secure\encryption.key
2025-04-03 14:54:43,259 - database - INFO - Database initialized at C:\Users\Adnan1\Desktop\fss\secure\user_credentials.db
2025-04-03 14:54:54,863 - database - INFO - User admin authenticated successfully
2025-04-27 12:02:20,771 - database - INFO - Using database file: c:\Users\user\Downloads\Compressed\Adnan_Kabbani\Adnan_Kabbani\secure\user_credentials.db
2025-04-27 12:02:20,771 - database - INFO - Loaded existing encryption key from c:\Users\user\Downloads\Compressed\Adnan_Kabbani\Adnan_Kabbani\secure\encryption.key
2025-04-27 12:02:20,789 - database - INFO - Database initialized at c:\Users\user\Downloads\Compressed\Adnan_Kabbani\Adnan_Kabbani\secure\user_credentials.db
2025-04-27 12:03:05,411 - database - INFO - Using database file: C:\Users\user\Downloads\Compressed\Adnan_Kabbani\Adnan_Kabbani\secure\user_credentials.db
2025-04-27 12:03:05,411 - database - INFO - Loaded existing encryption key from C:\Users\user\Downloads\Compressed\Adnan_Kabbani\Adnan_Kabbani\secure\encryption.key
2025-04-27 12:03:05,412 - database - INFO - Database initialized at C:\Users\user\Downloads\Compressed\Adnan_Kabbani\Adnan_Kabbani\secure\user_credentials.db
2025-04-27 12:03:18,842 - database - INFO - User admin authenticated successfully
2025-04-27 12:03:24,213 - database - INFO - Retrieved 3 users from database
2025-04-27 12:03:30,488 - database - INFO - Retrieved 3 users from database
2025-04-27 12:03:34,295 - database - INFO - Deleted user adnan1
2025-04-27 12:03:34,304 - database - INFO - Retrieved 2 users from database
2025-04-28 16:43:13,334 - database - INFO - Using database file: c:\Users\user\Desktop\Spring2025\Adnan_Kabbani\Adnan_Kabbani\secure\user_credentials.db
2025-04-28 16:43:13,334 - database - INFO - Loaded existing encryption key from c:\Users\user\Desktop\Spring2025\Adnan_Kabbani\Adnan_Kabbani\secure\encryption.key
2025-04-28 16:43:13,351 - database - INFO - Database initialized at c:\Users\user\Desktop\Spring2025\Adnan_Kabbani\Adnan_Kabbani\secure\user_credentials.db
2025-04-28 16:47:57,234 - database - INFO - User admin authenticated successfully
2025-04-28 16:49:22,736 - database - INFO - Using database file: c:\Users\user\Desktop\Spring2025\Adnan_Kabbani\Adnan_Kabbani\secure\user_credentials.db
2025-04-28 16:49:22,736 - database - INFO - Loaded existing encryption key from c:\Users\user\Desktop\Spring2025\Adnan_Kabbani\Adnan_Kabbani\secure\encryption.key
2025-04-28 16:49:22,737 - database - INFO - Database initialized at c:\Users\user\Desktop\Spring2025\Adnan_Kabbani\Adnan_Kabbani\secure\user_credentials.db
2025-04-28 16:49:33,000 - database - INFO - User admin authenticated successfully
2025-04-28 16:49:35,319 - database - INFO - Retrieved 2 users from database
2025-04-28 16:49:43,626 - database - INFO - Added new user Adnan11 with role user
2025-04-28 16:49:43,664 - database - INFO - Retrieved 3 users from database
2025-04-28 16:49:55,014 - database - WARNING - Authentication attempt for non-existent user Adnan1
2025-04-28 16:51:49,259 - database - INFO - Using database file: C:\Users\user\Desktop\Spring2025\Adnan_Kabbani\Adnan_Kabbani\secure\user_credentials.db
2025-04-28 16:51:49,259 - database - INFO - Loaded existing encryption key from C:\Users\user\Desktop\Spring2025\Adnan_Kabbani\Adnan_Kabbani\secure\encryption.key
2025-04-28 16:51:49,260 - database - INFO - Database initialized at C:\Users\user\Desktop\Spring2025\Adnan_Kabbani\Adnan_Kabbani\secure\user_credentials.db
2025-04-28 16:51:49,261 - database - INFO - Retrieved 3 users from database
2025-04-28 16:51:49,265 - database - INFO - Added new user testuser with role user
2025-04-28 16:51:49,267 - database - INFO - User testuser authenticated successfully
2025-04-28 16:51:49,267 - database - INFO - User admin authenticated successfully
2025-04-28 16:51:55,899 - database - INFO - User testuser authenticated successfully
2025-04-28 16:52:29,380 - database - INFO - Using database file: c:\Users\user\Desktop\Spring2025\Adnan_Kabbani\Adnan_Kabbani\secure\user_credentials.db
2025-04-28 16:52:29,381 - database - INFO - Loaded existing encryption key from c:\Users\user\Desktop\Spring2025\Adnan_Kabbani\Adnan_Kabbani\secure\encryption.key
2025-04-28 16:52:29,382 - database - INFO - Database initialized at c:\Users\user\Desktop\Spring2025\Adnan_Kabbani\Adnan_Kabbani\secure\user_credentials.db
2025-04-28 16:52:35,493 - database - INFO - Using database file: C:\Users\user\Desktop\Spring2025\Adnan_Kabbani\Adnan_Kabbani\secure\user_credentials.db
2025-04-28 16:52:35,493 - database - INFO - Loaded existing encryption key from C:\Users\user\Desktop\Spring2025\Adnan_Kabbani\Adnan_Kabbani\secure\encryption.key
2025-04-28 16:52:35,494 - database - INFO - Database initialized at C:\Users\user\Desktop\Spring2025\Adnan_Kabbani\Adnan_Kabbani\secure\user_credentials.db
2025-04-28 16:53:25,459 - database - INFO - Using database file: c:\Users\user\Desktop\Spring2025\Adnan_Kabbani\Adnan_Kabbani\secure\user_credentials.db
2025-04-28 16:53:25,460 - database - INFO - Loaded existing encryption key from c:\Users\user\Desktop\Spring2025\Adnan_Kabbani\Adnan_Kabbani\secure\encryption.key
2025-04-28 16:53:25,460 - database - INFO - Database initialized at c:\Users\user\Desktop\Spring2025\Adnan_Kabbani\Adnan_Kabbani\secure\user_credentials.db
2025-04-28 16:53:35,003 - database - INFO - User admin authenticated successfully
2025-04-28 16:54:18,477 - database - INFO - User admin authenticated successfully
2025-04-28 16:55:30,832 - database - INFO - User admin authenticated successfully
2025-04-28 16:55:36,783 - database - INFO - User admin authenticated successfully
2025-04-28 16:55:38,018 - database - INFO - User admin authenticated successfully
2025-04-28 16:56:35,403 - database - INFO - User admin authenticated successfully
2025-04-28 16:56:50,938 - database - INFO - User admin authenticated successfully
2025-04-28 18:08:49,981 - database - INFO - Using database file: c:\Users\adnan\Desktop\File-Sharing-System\secure\user_credentials.db
2025-04-28 18:08:49,981 - database - INFO - Loaded existing encryption key from c:\Users\adnan\Desktop\File-Sharing-System\secure\encryption.key
2025-04-28 18:08:49,981 - database - INFO - Database initialized at c:\Users\adnan\Desktop\File-Sharing-System\secure\user_credentials.db
2025-04-28 18:09:13,057 - database - INFO - User admin authenticated successfully
2025-04-28 18:10:04,299 - database - INFO - User admin authenticated successfully
2025-04-28 18:10:14,922 - database - INFO - User admin authenticated successfully
2025-04-28 18:10:50,516 - database - INFO - User admin authenticated successfully
2025-04-28 18:10:59,533 - database - INFO - User admin authenticated successfully
2025-04-28 18:11:44,506 - database - INFO - User admin authenticated successfully
2025-04-28 18:12:02,679 - database - INFO - User admin authenticated successfully
2025-04-28 18:13:46,566 - database - INFO - User admin authenticated successfully
2025-04-28 18:24:37,095 - database - INFO - User admin authenticated successfully
2025-04-28 18:24:39,741 - database - INFO - User admin authenticated successfully
2025-04-28 18:24:54,118 - database - INFO - User admin authenticated successfully
2025-04-28 18:26:45,972 - database - INFO - Using database file: c:\Users\adnan\Desktop\File-Sharing-System\secure\user_credentials.db
2025-04-28 18:26:45,974 - database - INFO - Loaded existing encryption key from c:\Users\adnan\Desktop\File-Sharing-System\secure\encryption.key
2025-04-28 18:26:45,976 - database - INFO - Database initialized at c:\Users\adnan\Desktop\File-Sharing-System\secure\user_credentials.db
2025-04-28 18:26:57,291 - database - INFO - Using database file: c:\Users\adnan\Desktop\File-Sharing-System\secure\user_credentials.db
2025-04-28 18:26:57,292 - database - INFO - Loaded existing encryption key from c:\Users\adnan\Desktop\File-Sharing-System\secure\encryption.key
2025-04-28 18:26:57,294 - database - INFO - Database initialized at c:\Users\adnan\Desktop\File-Sharing-System\secure\user_credentials.db
